<?xml version="1.0" encoding="UTF-8"?>
<testsuite xmlns:xsi="http://www.w3.org/2001/XMLSchema-instance" xsi:noNamespaceSchemaLocation="https://maven.apache.org/surefire/maven-surefire-plugin/xsd/surefire-test-report.xsd" name="TestSuite" time="0.464" tests="2" errors="0" skipped="0" failures="0">
  <properties>
    <property name="gopherProxySet" value="false"/>
    <property name="awt.toolkit" value="sun.lwawt.macosx.LWCToolkit"/>
    <property name="java.specification.version" value="11"/>
    <property name="sun.cpu.isalist" value=""/>
    <property name="sun.jnu.encoding" value="UTF-8"/>
    <property name="java.class.path" value="/Users/ramaraju.polanki/git/sn-devops-test/target/test-classes:/Users/ramaraju.polanki/git/sn-devops-test/target/classes:/Users/ramaraju.polanki/.m2/repository/junit/junit/4.13/junit-4.13.jar:/Users/ramaraju.polanki/.m2/repository/org/hamcrest/hamcrest-core/1.3/hamcrest-core-1.3.jar:/Users/ramaraju.polanki/.m2/repository/org/json/json/20180130/json-20180130.jar:/Users/ramaraju.polanki/.m2/repository/org/testng/testng/7.1.0/testng-7.1.0.jar:/Users/ramaraju.polanki/.m2/repository/com/beust/jcommander/1.72/jcommander-1.72.jar:/Users/ramaraju.polanki/.m2/repository/com/google/inject/guice/4.1.0/guice-4.1.0-no_aop.jar:/Users/ramaraju.polanki/.m2/repository/javax/inject/javax.inject/1/javax.inject-1.jar:/Users/ramaraju.polanki/.m2/repository/aopalliance/aopalliance/1.0/aopalliance-1.0.jar:/Users/ramaraju.polanki/.m2/repository/com/google/guava/guava/19.0/guava-19.0.jar:/Users/ramaraju.polanki/.m2/repository/org/yaml/snakeyaml/1.21/snakeyaml-1.21.jar:/Users/ramaraju.polanki/.m2/repository/org/sonarsource/scanner/maven/sonar-maven-plugin/3.9.0.2155/sonar-maven-plugin-3.9.0.2155.jar:/Users/ramaraju.polanki/.m2/repository/org/sonatype/plexus/plexus-sec-dispatcher/1.4/plexus-sec-dispatcher-1.4.jar:/Users/ramaraju.polanki/.m2/repository/org/sonatype/plexus/plexus-cipher/1.4/plexus-cipher-1.4.jar:/Users/ramaraju.polanki/.m2/repository/org/codehaus/plexus/plexus-utils/3.2.1/plexus-utils-3.2.1.jar:/Users/ramaraju.polanki/.m2/repository/org/sonarsource/scanner/api/sonar-scanner-api/2.16.1.361/sonar-scanner-api-2.16.1.361.jar:/Users/ramaraju.polanki/.m2/repository/commons-lang/commons-lang/2.6/commons-lang-2.6.jar:"/>
    <property name="java.vm.vendor" value="Homebrew"/>
    <property name="sun.arch.data.model" value="64"/>
    <property name="java.vendor.url" value="https://github.com/Homebrew/homebrew-core/issues"/>
    <property name="user.timezone" value=""/>
    <property name="java.vm.specification.version" value="11"/>
    <property name="os.name" value="Mac OS X"/>
    <property name="sun.java.launcher" value="SUN_STANDARD"/>
    <property name="user.country" value="IN"/>
    <property name="sun.boot.library.path" value="/usr/local/Cellar/openjdk@11/11.0.19/libexec/openjdk.jdk/Contents/Home/lib"/>
    <property name="sun.java.command" value="/Users/ramaraju.polanki/git/sn-devops-test/target/surefire/surefirebooter1708825537337541773.jar /Users/ramaraju.polanki/git/sn-devops-test/target/surefire 2023-05-27T12-43-36_224-jvmRun1 surefire3665303765213838657tmp surefire_05788103850317171416tmp"/>
    <property name="jdk.debug" value="release"/>
    <property name="surefire.test.class.path" value="/Users/ramaraju.polanki/git/sn-devops-test/target/test-classes:/Users/ramaraju.polanki/git/sn-devops-test/target/classes:/Users/ramaraju.polanki/.m2/repository/junit/junit/4.13/junit-4.13.jar:/Users/ramaraju.polanki/.m2/repository/org/hamcrest/hamcrest-core/1.3/hamcrest-core-1.3.jar:/Users/ramaraju.polanki/.m2/repository/org/json/json/20180130/json-20180130.jar:/Users/ramaraju.polanki/.m2/repository/org/testng/testng/7.1.0/testng-7.1.0.jar:/Users/ramaraju.polanki/.m2/repository/com/beust/jcommander/1.72/jcommander-1.72.jar:/Users/ramaraju.polanki/.m2/repository/com/google/inject/guice/4.1.0/guice-4.1.0-no_aop.jar:/Users/ramaraju.polanki/.m2/repository/javax/inject/javax.inject/1/javax.inject-1.jar:/Users/ramaraju.polanki/.m2/repository/aopalliance/aopalliance/1.0/aopalliance-1.0.jar:/Users/ramaraju.polanki/.m2/repository/com/google/guava/guava/19.0/guava-19.0.jar:/Users/ramaraju.polanki/.m2/repository/org/yaml/snakeyaml/1.21/snakeyaml-1.21.jar:/Users/ramaraju.polanki/.m2/repository/org/sonarsource/scanner/maven/sonar-maven-plugin/3.9.0.2155/sonar-maven-plugin-3.9.0.2155.jar:/Users/ramaraju.polanki/.m2/repository/org/sonatype/plexus/plexus-sec-dispatcher/1.4/plexus-sec-dispatcher-1.4.jar:/Users/ramaraju.polanki/.m2/repository/org/sonatype/plexus/plexus-cipher/1.4/plexus-cipher-1.4.jar:/Users/ramaraju.polanki/.m2/repository/org/codehaus/plexus/plexus-utils/3.2.1/plexus-utils-3.2.1.jar:/Users/ramaraju.polanki/.m2/repository/org/sonarsource/scanner/api/sonar-scanner-api/2.16.1.361/sonar-scanner-api-2.16.1.361.jar:/Users/ramaraju.polanki/.m2/repository/commons-lang/commons-lang/2.6/commons-lang-2.6.jar:"/>
    <property name="sun.cpu.endian" value="little"/>
    <property name="user.home" value="/Users/ramaraju.polanki"/>
    <property name="user.language" value="en"/>
    <property name="java.specification.vendor" value="Oracle Corporation"/>
    <property name="java.version.date" value="2023-04-18"/>
    <property name="java.home" value="/usr/local/Cellar/openjdk@11/11.0.19/libexec/openjdk.jdk/Contents/Home"/>
    <property name="file.separator" value="/"/>
    <property name="basedir" value="/Users/ramaraju.polanki/git/sn-devops-test"/>
    <property name="java.vm.compressedOopsMode" value="Zero based"/>
    <property name="line.separator" value="&#10;"/>
    <property name="java.specification.name" value="Java Platform API Specification"/>
    <property name="java.vm.specification.vendor" value="Oracle Corporation"/>
    <property name="java.awt.graphicsenv" value="sun.awt.CGraphicsEnvironment"/>
    <property name="surefire.real.class.path" value="/Users/ramaraju.polanki/git/sn-devops-test/target/surefire/surefirebooter1708825537337541773.jar"/>
    <property name="sun.management.compiler" value="HotSpot 64-Bit Tiered Compilers"/>
    <property name="java.runtime.version" value="11.0.19+0"/>
    <property name="user.name" value="ramaraju.polanki"/>
    <property name="path.separator" value=":"/>
    <property name="os.version" value="13.3.1"/>
    <property name="java.runtime.name" value="OpenJDK Runtime Environment"/>
    <property name="file.encoding" value="UTF-8"/>
    <property name="java.vm.name" value="OpenJDK 64-Bit Server VM"/>
    <property name="java.vendor.version" value="Homebrew"/>
    <property name="localRepository" value="/Users/ramaraju.polanki/.m2/repository"/>
    <property name="java.vendor.url.bug" value="https://github.com/Homebrew/homebrew-core/issues"/>
    <property name="java.io.tmpdir" value="/var/folders/mh/bb2r74r53tsbpk32382j1lmc0000gp/T/"/>
    <property name="java.version" value="11.0.19"/>
    <property name="user.dir" value="/Users/ramaraju.polanki/git/sn-devops-test"/>
    <property name="os.arch" value="x86_64"/>
    <property name="java.vm.specification.name" value="Java Virtual Machine Specification"/>
    <property name="java.awt.printerjob" value="sun.lwawt.macosx.CPrinterJob"/>
    <property name="sun.os.patch.level" value="unknown"/>
    <property name="java.library.path" value="/Users/ramaraju.polanki/Library/Java/Extensions:/Library/Java/Extensions:/Network/Library/Java/Extensions:/System/Library/Java/Extensions:/usr/lib/java:."/>
    <property name="java.vm.info" value="mixed mode"/>
    <property name="java.vendor" value="Homebrew"/>
    <property name="java.vm.version" value="11.0.19+0"/>
    <property name="sun.io.unicode.encoding" value="UnicodeBig"/>
    <property name="java.class.version" value="55.0"/>
  </properties>
  <testcase name="test2" classname="com.test.secondTest" time="0.015"/>
  <testcase name="testAdd" classname="com.test.secondTest" time="0"/>
</testsuite>