<?xml version="1.0" encoding="UTF-8"?>
<!-- Generated by org.testng.reporters.JUnitReportReporter -->
<testsuite hostname="MHYD68B8E0D5" failures="0" tests="2" name="com.test.secondTest" time="0.016" errors="0" timestamp="2023-05-27T12:43:37 IST" skipped="0">
  <testcase classname="com.test.secondTest" name="testAdd" time="0.001"/>
  <system-out/>
  <testcase classname="com.test.secondTest" name="test2" time="0.015"/>
  <system-out/>
</testsuite> <!-- com.test.secondTest -->
